finalizing corpus
corpus generated
finalizing vector counts
('vocab size: ', 85097)
vector counts generated 
/home/mbc2004/datasets/BlockMovingSep/txt_both_1/0/metBy/348_0.txt
('metBy', 8, 8)
/home/mbc2004/datasets/BlockMovingSep/txt_both_1/0/metBy/349_0.txt
('metBy', 8, 8)
/home/mbc2004/datasets/BlockMovingSep/txt_both_1/0/contains/294_0.txt
('contains', 2, 2)
/home/mbc2004/datasets/BlockMovingSep/txt_both_1/0/starts/590_0.txt
('starts', 4, 12)
/home/mbc2004/datasets/BlockMovingSep/txt_both_1/0/starts/592_0.txt
('starts', 12, 12)
/home/mbc2004/datasets/BlockMovingSep/txt_both_1/0/overlapedBy/199_0.txt
('overlapedBy', 9, 9)
/home/mbc2004/datasets/BlockMovingSep/txt_both_1/0/starts/594_0.txt
('starts', 12, 12)
/home/mbc2004/datasets/BlockMovingSep/txt_both_1/0/starts/596_0.txt
('starts', 12, 12)
/home/mbc2004/datasets/BlockMovingSep/txt_both_1/0/overlapedBy/197_0.txt
('overlapedBy', 9, 9)
/home/mbc2004/datasets/BlockMovingSep/txt_both_1/0/overlapedBy/190_0.txt
('overlapedBy', 0, 9)
/home/mbc2004/datasets/BlockMovingSep/txt_both_1/0/contains/278_0.txt
('contains', 2, 2)
/home/mbc2004/datasets/BlockMovingSep/txt_both_1/0/startedBy/520_0.txt
('startedBy', 4, 11)
/home/mbc2004/datasets/BlockMovingSep/txt_both_1/0/during/440_0.txt
('during', 6, 3)
/home/mbc2004/datasets/BlockMovingSep/txt_both_1/0/during/447_0.txt
('during', 3, 3)
/home/mbc2004/datasets/BlockMovingSep/txt_both_1/0/during/445_0.txt
('during', 6, 3)
/home/mbc2004/datasets/BlockMovingSep/txt_both_1/0/before/103_0.txt
('before', 1, 1)
/home/mbc2004/datasets/BlockMovingSep/txt_both_1/0/before/104_0.txt
('before', 1, 1)
/home/mbc2004/datasets/BlockMovingSep/txt_both_1/0/equals/32_0.txt
('equals', 4, 4)
/home/mbc2004/datasets/BlockMovingSep/txt_both_1/0/overlaps/642_0.txt
('overlaps', 10, 10)
/home/mbc2004/datasets/BlockMovingSep/txt_both_1/0/overlaps/646_0.txt
('overlaps', 6, 10)
/home/mbc2004/datasets/BlockMovingSep/txt_both_1/0/metBy/331_0.txt
('metBy', 8, 8)
/home/mbc2004/datasets/BlockMovingSep/txt_both_1/0/metBy/330_0.txt
('metBy', 8, 8)
/home/mbc2004/datasets/BlockMovingSep/txt_both_1/0/metBy/333_0.txt
('metBy', 8, 8)
/home/mbc2004/datasets/BlockMovingSep/txt_both_1/0/equals/6_0.txt
('equals', 4, 4)
/home/mbc2004/datasets/BlockMovingSep/txt_both_1/0/meets/98_0.txt
('meets', 1, 7)
/home/mbc2004/datasets/BlockMovingSep/txt_both_1/0/meets/93_0.txt
('meets', 6, 7)
/home/mbc2004/datasets/BlockMovingSep/txt_both_1/0/meets/97_0.txt
('meets', 7, 7)
/home/mbc2004/datasets/BlockMovingSep/txt_both_1/0/starts/555_0.txt
('starts', 12, 12)
/home/mbc2004/datasets/BlockMovingSep/txt_both_1/0/starts/556_0.txt
('starts', 12, 12)
/home/mbc2004/datasets/BlockMovingSep/txt_both_1/0/starts/551_0.txt
('starts', 12, 12)
/home/mbc2004/datasets/BlockMovingSep/txt_both_1/0/finishedBy/239_0.txt
('finishedBy', 2, 5)
/home/mbc2004/datasets/BlockMovingSep/txt_both_1/0/equals/1_0.txt
('equals', 4, 4)
/home/mbc2004/datasets/BlockMovingSep/txt_both_1/0/before/147_0.txt
('before', 1, 1)
/home/mbc2004/datasets/BlockMovingSep/txt_both_1/0/before/143_0.txt
('before', 1, 1)
/home/mbc2004/datasets/BlockMovingSep/txt_both_1/0/overlaps/617_0.txt
('overlaps', 1, 10)
/home/mbc2004/datasets/BlockMovingSep/txt_both_1/0/before/149_0.txt
('before', 1, 1)
/home/mbc2004/datasets/BlockMovingSep/txt_both_1/0/before/131_0.txt
('before', 1, 1)
/home/mbc2004/datasets/BlockMovingSep/txt_both_1/0/before/135_0.txt
('before', 1, 1)
/home/mbc2004/datasets/BlockMovingSep/txt_both_1/0/before/139_0.txt
('before', 1, 1)
/home/mbc2004/datasets/BlockMovingSep/txt_both_1/0/finishes/491_0.txt
('finishes', 3, 6)
/home/mbc2004/datasets/BlockMovingSep/txt_both_1/0/equals/21_0.txt
('equals', 4, 4)
/home/mbc2004/datasets/BlockMovingSep/txt_both_1/0/during/406_0.txt
('during', 3, 3)
/home/mbc2004/datasets/BlockMovingSep/txt_both_1/0/during/401_0.txt
('during', 3, 3)
/home/mbc2004/datasets/BlockMovingSep/txt_both_1/0/after/400_0.txt
('after', 0, 0)
/home/mbc2004/datasets/BlockMovingSep/txt_both_1/0/after/379_0.txt
('after', 0, 0)
/home/mbc2004/datasets/BlockMovingSep/txt_both_1/0/after/372_0.txt
('after', 0, 0)
/home/mbc2004/datasets/BlockMovingSep/txt_both_1/0/after/393_0.txt
('after', 0, 0)
/home/mbc2004/datasets/BlockMovingSep/txt_both_1/0/meets/88_0.txt
('meets', 7, 7)
/home/mbc2004/datasets/BlockMovingSep/txt_both_1/0/meets/89_0.txt
('meets', 1, 7)
/home/mbc2004/datasets/BlockMovingSep/txt_both_1/0/after/394_0.txt
('after', 0, 0)
/home/mbc2004/datasets/BlockMovingSep/txt_both_1/0/meets/86_0.txt
('meets', 7, 7)
/home/mbc2004/datasets/BlockMovingSep/txt_both_1/0/equals/7_0.txt
('equals', 4, 4)
/home/mbc2004/datasets/BlockMovingSep/txt_both_1/0/startedBy/513_0.txt
('startedBy', 4, 11)
/home/mbc2004/datasets/BlockMovingSep/txt_both_1/0/startedBy/512_0.txt
('startedBy', 4, 11)
/home/mbc2004/datasets/BlockMovingSep/txt_both_1/0/finishes/458_0.txt
('finishes', 3, 6)
/home/mbc2004/datasets/BlockMovingSep/txt_both_1/0/overlaps/627_0.txt
('overlaps', 10, 10)
/home/mbc2004/datasets/BlockMovingSep/txt_both_1/0/overlaps/626_0.txt
('overlaps', 7, 10)
/home/mbc2004/datasets/BlockMovingSep/txt_both_1/0/overlaps/629_0.txt
('overlaps', 10, 10)
/home/mbc2004/datasets/BlockMovingSep/txt_both_1/0/finishes/456_0.txt
('finishes', 1, 6)
/home/mbc2004/datasets/BlockMovingSep/txt_both_1/0/overlapedBy/176_0.txt
('overlapedBy', 9, 9)
/home/mbc2004/datasets/BlockMovingSep/txt_both_1/0/overlapedBy/198_0.txt
('overlapedBy', 9, 9)
/home/mbc2004/datasets/BlockMovingSep/txt_both_1/0/overlapedBy/186_0.txt
('overlapedBy', 9, 9)
/home/mbc2004/datasets/BlockMovingSep/txt_both_1/0/overlapedBy/184_0.txt
('overlapedBy', 8, 9)
/home/mbc2004/datasets/BlockMovingSep/txt_both_1/0/overlapedBy/189_0.txt
('overlapedBy', 9, 9)
/home/mbc2004/datasets/BlockMovingSep/txt_both_1/0/equals/11_0.txt
('equals', 4, 4)
/home/mbc2004/datasets/BlockMovingSep/txt_both_1/0/equals/10_0.txt
('equals', 4, 4)
/home/mbc2004/datasets/BlockMovingSep/txt_both_1/0/equals/14_0.txt
('equals', 4, 4)
/home/mbc2004/datasets/BlockMovingSep/txt_both_1/0/equals/19_0.txt
('equals', 4, 4)
/home/mbc2004/datasets/BlockMovingSep/txt_both_1/0/metBy/323_0.txt
('metBy', 8, 8)
/home/mbc2004/datasets/BlockMovingSep/txt_both_1/0/finishedBy/201_0.txt
('finishedBy', 5, 5)
/home/mbc2004/datasets/BlockMovingSep/txt_both_1/0/finishedBy/203_0.txt
('finishedBy', 5, 5)
/home/mbc2004/datasets/BlockMovingSep/txt_both_1/0/finishedBy/205_0.txt
('finishedBy', 5, 5)
/home/mbc2004/datasets/BlockMovingSep/txt_both_1/0/finishedBy/206_0.txt
('finishedBy', 5, 5)
/home/mbc2004/datasets/BlockMovingSep/txt_both_1/0/meets/77_0.txt
('meets', 7, 7)
/home/mbc2004/datasets/BlockMovingSep/txt_both_1/0/meets/78_0.txt
('meets', 7, 7)
/home/mbc2004/datasets/BlockMovingSep/txt_both_1/0/startedBy/542_0.txt
('startedBy', 4, 11)
/home/mbc2004/datasets/BlockMovingSep/txt_both_1/0/startedBy/540_0.txt
('startedBy', 11, 11)
/home/mbc2004/datasets/BlockMovingSep/txt_both_1/0/startedBy/546_0.txt
('startedBy', 4, 11)
/home/mbc2004/datasets/BlockMovingSep/txt_both_1/0/meets/68_0.txt
('meets', 7, 7)
/home/mbc2004/datasets/BlockMovingSep/txt_both_1/0/during/412_0.txt
('during', 3, 3)
/home/mbc2004/datasets/BlockMovingSep/txt_both_1/0/during/419_0.txt
('during', 3, 3)
/home/mbc2004/datasets/BlockMovingSep/txt_both_1/0/metBy/319_0.txt
('metBy', 8, 8)
/home/mbc2004/datasets/BlockMovingSep/txt_both_1/0/metBy/313_0.txt
('metBy', 8, 8)
/home/mbc2004/datasets/BlockMovingSep/txt_both_1/0/metBy/312_0.txt
('metBy', 8, 8)
/home/mbc2004/datasets/BlockMovingSep/txt_both_1/0/metBy/310_0.txt
('metBy', 8, 8)
/home/mbc2004/datasets/BlockMovingSep/txt_both_1/0/after/364_0.txt
('after', 0, 0)
/home/mbc2004/datasets/BlockMovingSep/txt_both_1/0/after/360_0.txt
('after', 0, 0)
/home/mbc2004/datasets/BlockMovingSep/txt_both_1/0/after/386_0.txt
('after', 0, 0)
/home/mbc2004/datasets/BlockMovingSep/txt_both_1/0/starts/572_0.txt
('starts', 4, 12)
/home/mbc2004/datasets/BlockMovingSep/txt_both_1/0/contains/258_0.txt
('contains', 2, 2)
/home/mbc2004/datasets/BlockMovingSep/txt_both_1/0/contains/255_0.txt
('contains', 2, 2)
/home/mbc2004/datasets/BlockMovingSep/txt_both_1/0/startedBy/502_0.txt
('startedBy', 11, 11)
/home/mbc2004/datasets/BlockMovingSep/txt_both_1/0/startedBy/501_0.txt
('startedBy', 4, 11)
/home/mbc2004/datasets/BlockMovingSep/txt_both_1/0/overlaps/638_0.txt
('overlaps', 1, 10)
/home/mbc2004/datasets/BlockMovingSep/txt_both_1/0/finishes/460_0.txt
('finishes', 6, 6)
/home/mbc2004/datasets/BlockMovingSep/txt_both_1/0/finishes/462_0.txt
('finishes', 6, 6)
/home/mbc2004/datasets/BlockMovingSep/txt_both_1/0/overlapedBy/169_0.txt
('overlapedBy', 9, 9)
/home/mbc2004/datasets/BlockMovingSep/txt_both_1/0/overlapedBy/163_0.txt
('overlapedBy', 8, 9)
/home/mbc2004/datasets/BlockMovingSep/txt_both_1/0/after/357_0.txt
('after', 0, 0)
/home/mbc2004/datasets/BlockMovingSep/txt_both_1/0/after/353_0.txt
('after', 0, 0)
/home/mbc2004/datasets/BlockMovingSep/txt_both_1/0/finishedBy/219_0.txt
('finishedBy', 5, 5)
/home/mbc2004/datasets/BlockMovingSep/txt_both_1/0/contains/283_0.txt
('contains', 2, 2)
/home/mbc2004/datasets/BlockMovingSep/txt_both_1/0/contains/282_0.txt
('contains', 2, 2)
/home/mbc2004/datasets/BlockMovingSep/txt_both_1/0/contains/260_0.txt
('contains', 2, 2)
/home/mbc2004/datasets/BlockMovingSep/txt_both_1/0/contains/267_0.txt
('contains', 2, 2)
/home/mbc2004/datasets/BlockMovingSep/txt_both_1/0/contains/265_0.txt
('contains', 2, 2)
/home/mbc2004/datasets/BlockMovingSep/txt_both_1/0/contains/264_0.txt
('contains', 5, 2)
/home/mbc2004/datasets/BlockMovingSep/txt_both_1/0/meets/56_0.txt
('meets', 7, 7)
/home/mbc2004/datasets/BlockMovingSep/txt_both_1/0/before/114_0.txt
('before', 1, 1)
/home/mbc2004/datasets/BlockMovingSep/txt_both_1/0/during/428_0.txt
('during', 3, 3)
/home/mbc2004/datasets/BlockMovingSep/txt_both_1/0/during/422_0.txt
('during', 3, 3)
/home/mbc2004/datasets/BlockMovingSep/txt_both_1/0/during/426_0.txt
('during', 3, 3)
/home/mbc2004/datasets/BlockMovingSep/txt_both_1/0/starts/568_0.txt
('starts', 12, 12)
/home/mbc2004/datasets/BlockMovingSep/txt_both_1/0/starts/566_0.txt
('starts', 12, 12)
/home/mbc2004/datasets/BlockMovingSep/txt_both_1/0/finishedBy/228_0.txt
('finishedBy', 5, 5)
/home/mbc2004/datasets/BlockMovingSep/txt_both_1/0/finishedBy/224_0.txt
('finishedBy', 5, 5)
/home/mbc2004/datasets/BlockMovingSep/txt_both_1/0/finishedBy/222_0.txt
('finishedBy', 5, 5)
/home/mbc2004/datasets/BlockMovingSep/txt_both_1/0/finishedBy/220_0.txt
('finishedBy', 5, 5)
/home/mbc2004/datasets/BlockMovingSep/txt_both_1/0/before/150_0.txt
('before', 1, 1)
/home/mbc2004/datasets/BlockMovingSep/txt_both_1/0/overlaps/602_0.txt
('overlaps', 7, 10)
/home/mbc2004/datasets/BlockMovingSep/txt_both_1/0/overlaps/609_0.txt
('overlaps', 6, 10)
/home/mbc2004/datasets/BlockMovingSep/txt_both_1/0/overlaps/608_0.txt
('overlaps', 10, 10)
/home/mbc2004/datasets/BlockMovingSep/txt_both_1/0/equals/47_0.txt
('equals', 4, 4)
/home/mbc2004/datasets/BlockMovingSep/txt_both_1/0/finishes/486_0.txt
('finishes', 3, 6)
/home/mbc2004/datasets/BlockMovingSep/txt_both_1/0/finishes/480_0.txt
('finishes', 3, 6)
/home/mbc2004/datasets/BlockMovingSep/txt_both_1/0/finishes/472_0.txt
('finishes', 6, 6)
/home/mbc2004/datasets/BlockMovingSep/txt_both_1/0/finishes/475_0.txt
('finishes', 1, 6)
/home/mbc2004/datasets/BlockMovingSep/txt_both_1/0/finishes/479_0.txt
('finishes', 6, 6)
('after        ', array([10.,  0.,  0.,  0.,  0.,  0.,  0.,  0.,  0.,  1.,  0.,  0.,  0.]))
('before       ', array([ 0., 10.,  0.,  0.,  0.,  0.,  2.,  2.,  0.,  0.,  2.,  0.,  0.]))
('contains     ', array([0., 0., 9., 0., 0., 1., 0., 0., 0., 0., 0., 0., 0.]))
('during       ', array([0., 0., 0., 8., 0., 0., 4., 0., 0., 0., 0., 0., 0.]))
('equals       ', array([ 0.,  0.,  0.,  0., 10.,  0.,  0.,  0.,  0.,  0.,  0.,  6.,  2.]))
('finishedBy   ', array([0., 0., 1., 0., 0., 9., 0., 0., 0., 0., 0., 0., 0.]))
('finishes     ', array([0., 0., 0., 2., 0., 0., 4., 1., 0., 0., 2., 0., 0.]))
('meets        ', array([0., 0., 0., 0., 0., 0., 0., 7., 0., 0., 2., 0., 0.]))
('metBy        ', array([ 0.,  0.,  0.,  0.,  0.,  0.,  0.,  0., 10.,  2.,  0.,  0.,  0.]))
('overlapedBy  ', array([0., 0., 0., 0., 0., 0., 0., 0., 0., 7., 0., 0., 0.]))
('overlaps     ', array([0., 0., 0., 0., 0., 0., 0., 0., 0., 0., 4., 0., 0.]))
('startedBy    ', array([0., 0., 0., 0., 0., 0., 0., 0., 0., 0., 0., 2., 0.]))
('starts       ', array([0., 0., 0., 0., 0., 0., 0., 0., 0., 0., 0., 0., 8.]))
('TOTAL ACC: ', 0.765625)
