('depth: ', 0)
adding data...
fitting model...
(9537, 23896)
adding eval data...
evaluating model...
                    precision    recall  f1-score   support

    ApplyEyeMakeup       0.09      0.07      0.08        44
     ApplyLipstick       0.00      0.00      0.00        32
           Archery       0.02      0.02      0.02        41
      BabyCrawling       0.00      0.00      0.00        35
       BalanceBeam       0.28      0.16      0.20        31
      BandMarching       0.21      0.30      0.25        43
     BaseballPitch       0.04      0.02      0.03        43
        Basketball       0.22      0.26      0.24        35
    BasketballDunk       0.32      0.32      0.32        37
        BenchPress       0.13      0.10      0.11        48
            Biking       0.17      0.13      0.15        38
         Billiards       0.62      0.88      0.73        40
       BlowDryHair       0.17      0.08      0.11        38
    BlowingCandles       0.29      0.33      0.31        33
  BodyWeightSquats       0.00      0.00      0.00        30
           Bowling       0.33      0.58      0.42        43
 BoxingPunchingBag       0.21      0.14      0.17        49
    BoxingSpeedBag       0.06      0.05      0.05        37
      BreastStroke       0.08      0.04      0.05        28
     BrushingTeeth       0.00      0.00      0.00        36
      CleanAndJerk       0.00      0.00      0.00        33
       CliffDiving       0.24      0.26      0.25        39
    CricketBowling       0.21      0.19      0.20        36
       CricketShot       0.00      0.00      0.00        49
  CuttingInKitchen       0.00      0.00      0.00        33
            Diving       0.31      0.38      0.34        45
          Drumming       0.03      0.02      0.02        45
           Fencing       0.45      0.15      0.22        34
FieldHockeyPenalty       0.27      0.15      0.19        40
   FloorGymnastics       0.07      0.06      0.06        36
      FrisbeeCatch       0.16      0.11      0.13        37
        FrontCrawl       0.18      0.16      0.17        37
         GolfSwing       0.17      0.15      0.16        39
           Haircut       0.00      0.00      0.00        33
         Hammering       0.03      0.03      0.03        33
       HammerThrow       0.14      0.18      0.16        45
  HandstandPushups       0.00      0.00      0.00        28
  HandstandWalking       0.10      0.03      0.05        34
       HeadMassage       0.09      0.10      0.10        41
          HighJump       0.13      0.11      0.12        37
         HorseRace       0.14      0.14      0.14        35
       HorseRiding       0.33      0.29      0.30        49
          HulaHoop       0.54      0.59      0.56        34
        IceDancing       0.37      0.52      0.43        46
      JavelinThrow       0.09      0.06      0.08        31
     JugglingBalls       0.00      0.00      0.00        40
       JumpingJack       0.18      0.19      0.18        37
          JumpRope       0.06      0.05      0.05        38
          Kayaking       0.10      0.08      0.09        36
          Knitting       0.20      0.26      0.23        34
          LongJump       0.30      0.41      0.34        39
            Lunges       0.05      0.05      0.05        37
    MilitaryParade       0.00      0.00      0.00        33
            Mixing       0.03      0.22      0.05        45
      MoppingFloor       0.04      0.03      0.03        34
         Nunchucks       0.00      0.00      0.00        35
      ParallelBars       0.41      0.43      0.42        37
      PizzaTossing       0.00      0.00      0.00        33
      PlayingCello       0.07      0.07      0.07        44
        PlayingDaf       0.00      0.00      0.00        41
       PlayingDhol       0.00      0.00      0.00        49
      PlayingFlute       0.14      0.19      0.16        48
     PlayingGuitar       0.02      0.02      0.02        43
      PlayingPiano       0.00      0.00      0.00        28
      PlayingSitar       0.16      0.18      0.17        44
      PlayingTabla       0.00      0.00      0.00        31
     PlayingViolin       0.12      0.11      0.12        28
         PoleVault       0.03      0.03      0.03        40
       PommelHorse       0.22      0.23      0.23        35
           PullUps       0.00      0.00      0.00        28
             Punch       0.28      0.54      0.37        39
           PushUps       0.03      0.03      0.03        30
           Rafting       0.20      0.18      0.19        28
RockClimbingIndoor       0.00      0.00      0.00        41
      RopeClimbing       0.06      0.03      0.04        34
            Rowing       0.18      0.17      0.17        36
         SalsaSpin       0.08      0.05      0.06        43
      ShavingBeard       0.02      0.02      0.02        43
           Shotput       0.00      0.00      0.00        46
     SkateBoarding       0.18      0.25      0.21        32
            Skiing       0.04      0.03      0.03        40
            Skijet       0.14      0.11      0.12        28
         SkyDiving       0.32      0.39      0.35        31
    SoccerJuggling       0.07      0.05      0.06        39
     SoccerPenalty       0.27      0.37      0.31        41
        StillRings       0.19      0.16      0.17        32
     SumoWrestling       0.20      0.26      0.23        34
           Surfing       0.19      0.18      0.18        33
             Swing       0.22      0.26      0.24        42
   TableTennisShot       0.00      0.00      0.00        39
            TaiChi       0.07      0.04      0.05        28
       TennisSwing       0.10      0.10      0.10        49
       ThrowDiscus       0.24      0.16      0.19        38
 TrampolineJumping       0.31      0.44      0.36        32
            Typing       0.00      0.00      0.00        43
        UnevenBars       0.34      0.39      0.37        28
 VolleyballSpiking       0.12      0.09      0.10        35
    WalkingWithDog       0.13      0.08      0.10        36
       WallPushups       0.00      0.00      0.00        35
    WritingOnBoard       0.00      0.00      0.00        45
              YoYo       0.16      0.14      0.15        36

         micro avg       0.14      0.14      0.14      3783
         macro avg       0.13      0.14      0.13      3783
      weighted avg       0.13      0.14      0.13      3783

0.1430081945545863
('depth: ', 1)
adding data...
fitting model...
(9537, 96136)
adding eval data...
evaluating model...
                    precision    recall  f1-score   support

    ApplyEyeMakeup       0.06      0.07      0.07        44
     ApplyLipstick       0.05      0.06      0.05        32
           Archery       0.07      0.05      0.06        41
      BabyCrawling       0.08      0.06      0.07        35
       BalanceBeam       0.67      0.19      0.30        31
      BandMarching       0.31      0.53      0.39        43
     BaseballPitch       0.29      0.33      0.30        43
        Basketball       0.24      0.31      0.27        35
    BasketballDunk       0.48      0.86      0.62        37
        BenchPress       0.18      0.27      0.22        48
            Biking       0.29      0.21      0.24        38
         Billiards       0.62      1.00      0.77        40
       BlowDryHair       0.21      0.18      0.19        38
    BlowingCandles       0.11      0.09      0.10        33
  BodyWeightSquats       0.05      0.03      0.04        30
           Bowling       0.50      0.72      0.59        43
 BoxingPunchingBag       0.02      0.02      0.02        49
    BoxingSpeedBag       0.17      0.19      0.18        37
      BreastStroke       0.33      0.54      0.41        28
     BrushingTeeth       0.05      0.03      0.04        36
      CleanAndJerk       0.59      0.52      0.55        33
       CliffDiving       0.39      0.44      0.41        39
    CricketBowling       0.27      0.28      0.27        36
       CricketShot       0.13      0.10      0.11        49
  CuttingInKitchen       0.14      0.06      0.09        33
            Diving       0.34      0.47      0.39        45
          Drumming       0.17      0.18      0.17        45
           Fencing       0.42      0.29      0.34        34
FieldHockeyPenalty       0.41      0.23      0.29        40
   FloorGymnastics       0.24      0.22      0.23        36
      FrisbeeCatch       0.41      0.41      0.41        37
        FrontCrawl       0.29      0.46      0.35        37
         GolfSwing       0.15      0.26      0.19        39
           Haircut       0.06      0.03      0.04        33
         Hammering       0.00      0.00      0.00        33
       HammerThrow       0.16      0.11      0.13        45
  HandstandPushups       0.00      0.00      0.00        28
  HandstandWalking       0.20      0.06      0.09        34
       HeadMassage       0.07      0.05      0.06        41
          HighJump       0.33      0.16      0.22        37
         HorseRace       0.20      0.29      0.24        35
       HorseRiding       0.31      0.51      0.39        49
          HulaHoop       0.51      0.59      0.55        34
        IceDancing       0.71      0.89      0.79        46
      JavelinThrow       0.22      0.16      0.19        31
     JugglingBalls       0.14      0.12      0.13        40
       JumpingJack       0.13      0.08      0.10        37
          JumpRope       0.15      0.05      0.08        38
          Kayaking       0.08      0.08      0.08        36
          Knitting       0.27      0.59      0.37        34
          LongJump       0.53      0.46      0.49        39
            Lunges       0.14      0.11      0.12        37
    MilitaryParade       0.23      0.24      0.24        33
            Mixing       0.04      0.09      0.06        45
      MoppingFloor       0.07      0.03      0.04        34
         Nunchucks       0.00      0.00      0.00        35
      ParallelBars       0.52      0.30      0.38        37
      PizzaTossing       0.25      0.06      0.10        33
      PlayingCello       0.22      0.32      0.26        44
        PlayingDaf       0.20      0.24      0.22        41
       PlayingDhol       0.25      0.27      0.26        49
      PlayingFlute       0.44      0.42      0.43        48
     PlayingGuitar       0.13      0.12      0.12        43
      PlayingPiano       0.18      0.32      0.23        28
      PlayingSitar       0.38      0.66      0.48        44
      PlayingTabla       0.28      0.23      0.25        31
     PlayingViolin       0.40      0.36      0.38        28
         PoleVault       0.40      0.47      0.44        40
       PommelHorse       0.42      0.43      0.42        35
           PullUps       0.11      0.04      0.05        28
             Punch       0.31      0.67      0.42        39
           PushUps       0.00      0.00      0.00        30
           Rafting       0.46      0.21      0.29        28
RockClimbingIndoor       0.17      0.24      0.20        41
      RopeClimbing       0.20      0.06      0.09        34
            Rowing       0.23      0.17      0.19        36
         SalsaSpin       0.29      0.16      0.21        43
      ShavingBeard       0.15      0.14      0.15        43
           Shotput       0.09      0.02      0.04        46
     SkateBoarding       0.30      0.28      0.29        32
            Skiing       0.07      0.07      0.07        40
            Skijet       0.24      0.18      0.20        28
         SkyDiving       0.39      0.65      0.49        31
    SoccerJuggling       0.03      0.03      0.03        39
     SoccerPenalty       0.45      0.73      0.56        41
        StillRings       0.59      0.62      0.61        32
     SumoWrestling       0.42      0.56      0.48        34
           Surfing       0.41      0.52      0.46        33
             Swing       0.33      0.38      0.35        42
   TableTennisShot       0.18      0.10      0.13        39
            TaiChi       0.04      0.04      0.04        28
       TennisSwing       0.17      0.18      0.18        49
       ThrowDiscus       0.07      0.05      0.06        38
 TrampolineJumping       0.35      0.41      0.38        32
            Typing       0.38      0.21      0.27        43
        UnevenBars       0.46      0.61      0.52        28
 VolleyballSpiking       0.14      0.03      0.05        35
    WalkingWithDog       0.22      0.14      0.17        36
       WallPushups       0.04      0.03      0.03        35
    WritingOnBoard       0.29      0.42      0.34        45
              YoYo       0.23      0.19      0.21        36

         micro avg       0.27      0.27      0.27      3783
         macro avg       0.25      0.26      0.24      3783
      weighted avg       0.25      0.27      0.25      3783

0.267776896642876
('depth: ', 2)
adding data...
fitting model...
(9537, 95604)
adding eval data...
evaluating model...
                    precision    recall  f1-score   support

    ApplyEyeMakeup       0.40      0.43      0.42        44
     ApplyLipstick       0.21      0.22      0.21        32
           Archery       0.09      0.07      0.08        41
      BabyCrawling       0.50      0.31      0.39        35
       BalanceBeam       0.57      0.26      0.36        31
      BandMarching       0.47      0.47      0.47        43
     BaseballPitch       0.40      0.63      0.49        43
        Basketball       0.70      0.46      0.55        35
    BasketballDunk       0.65      0.89      0.75        37
        BenchPress       0.38      0.46      0.42        48
            Biking       0.49      0.50      0.49        38
         Billiards       0.83      1.00      0.91        40
       BlowDryHair       0.20      0.24      0.21        38
    BlowingCandles       0.67      0.18      0.29        33
  BodyWeightSquats       0.08      0.03      0.05        30
           Bowling       0.62      0.93      0.75        43
 BoxingPunchingBag       0.16      0.18      0.17        49
    BoxingSpeedBag       0.27      0.38      0.32        37
      BreastStroke       0.52      1.00      0.68        28
     BrushingTeeth       0.18      0.17      0.17        36
      CleanAndJerk       0.70      0.85      0.77        33
       CliffDiving       0.37      0.56      0.45        39
    CricketBowling       0.33      0.25      0.29        36
       CricketShot       0.25      0.16      0.20        49
  CuttingInKitchen       0.22      0.06      0.10        33
            Diving       0.43      0.64      0.51        45
          Drumming       0.45      0.56      0.50        45
           Fencing       0.48      0.29      0.36        34
FieldHockeyPenalty       0.45      0.33      0.38        40
   FloorGymnastics       0.52      0.33      0.41        36
      FrisbeeCatch       0.55      0.43      0.48        37
        FrontCrawl       0.50      0.65      0.56        37
         GolfSwing       0.48      0.51      0.49        39
           Haircut       0.17      0.09      0.12        33
         Hammering       0.00      0.00      0.00        33
       HammerThrow       0.51      0.49      0.50        45
  HandstandPushups       0.13      0.14      0.14        28
  HandstandWalking       0.14      0.03      0.05        34
       HeadMassage       0.30      0.20      0.24        41
          HighJump       0.42      0.14      0.20        37
         HorseRace       0.36      0.49      0.41        35
       HorseRiding       0.40      0.63      0.49        49
          HulaHoop       0.58      0.44      0.50        34
        IceDancing       0.62      0.96      0.75        46
      JavelinThrow       0.20      0.06      0.10        31
     JugglingBalls       0.59      0.65      0.62        40
       JumpingJack       0.48      0.65      0.55        37
          JumpRope       0.30      0.37      0.33        38
          Kayaking       0.31      0.44      0.36        36
          Knitting       0.34      0.56      0.42        34
          LongJump       0.54      0.54      0.54        39
            Lunges       0.32      0.32      0.32        37
    MilitaryParade       0.17      0.06      0.09        33
            Mixing       0.37      0.36      0.36        45
      MoppingFloor       0.35      0.18      0.24        34
         Nunchucks       0.41      0.31      0.35        35
      ParallelBars       0.65      0.41      0.50        37
      PizzaTossing       0.00      0.00      0.00        33
      PlayingCello       0.05      0.05      0.05        44
        PlayingDaf       0.37      0.51      0.43        41
       PlayingDhol       0.33      0.31      0.32        49
      PlayingFlute       0.38      0.25      0.30        48
     PlayingGuitar       0.42      0.79      0.55        43
      PlayingPiano       0.37      0.50      0.42        28
      PlayingSitar       0.42      0.64      0.50        44
      PlayingTabla       0.32      0.29      0.31        31
     PlayingViolin       0.32      0.25      0.28        28
         PoleVault       0.43      0.57      0.49        40
       PommelHorse       0.45      0.43      0.44        35
           PullUps       0.12      0.04      0.06        28
             Punch       0.43      0.67      0.53        39
           PushUps       0.08      0.03      0.05        30
           Rafting       0.48      0.57      0.52        28
RockClimbingIndoor       0.47      0.83      0.60        41
      RopeClimbing       0.00      0.00      0.00        34
            Rowing       0.35      0.19      0.25        36
         SalsaSpin       0.43      0.35      0.38        43
      ShavingBeard       0.16      0.12      0.14        43
           Shotput       0.53      0.20      0.29        46
     SkateBoarding       0.05      0.03      0.04        32
            Skiing       0.34      0.28      0.31        40
            Skijet       0.49      0.68      0.57        28
         SkyDiving       0.53      0.55      0.54        31
    SoccerJuggling       0.41      0.59      0.48        39
     SoccerPenalty       0.47      0.88      0.61        41
        StillRings       0.55      0.69      0.61        32
     SumoWrestling       0.60      0.85      0.71        34
           Surfing       0.41      0.73      0.53        33
             Swing       0.43      0.48      0.45        42
   TableTennisShot       0.41      0.38      0.39        39
            TaiChi       0.50      0.36      0.42        28
       TennisSwing       0.34      0.39      0.36        49
       ThrowDiscus       0.41      0.24      0.30        38
 TrampolineJumping       0.36      0.38      0.37        32
            Typing       0.45      0.23      0.31        43
        UnevenBars       0.45      0.50      0.47        28
 VolleyballSpiking       0.56      0.57      0.56        35
    WalkingWithDog       0.16      0.14      0.15        36
       WallPushups       0.30      0.29      0.29        35
    WritingOnBoard       0.50      0.53      0.52        45
              YoYo       0.35      0.17      0.23        36

         micro avg       0.41      0.41      0.41      3783
         macro avg       0.38      0.40      0.38      3783
      weighted avg       0.39      0.41      0.38      3783

0.4070843246100978
('depth: ', 3)
adding data...
fitting model...
(9537, 95751)
adding eval data...
evaluating model...
                    precision    recall  f1-score   support

    ApplyEyeMakeup       0.89      0.91      0.90        44
     ApplyLipstick       0.74      1.00      0.85        32
           Archery       0.42      0.32      0.36        41
      BabyCrawling       0.65      0.86      0.74        35
       BalanceBeam       0.84      0.87      0.86        31
      BandMarching       0.70      0.88      0.78        43
     BaseballPitch       0.97      0.81      0.89        43
        Basketball       0.69      0.71      0.70        35
    BasketballDunk       0.82      0.97      0.89        37
        BenchPress       0.81      0.92      0.86        48
            Biking       0.75      0.87      0.80        38
         Billiards       0.91      1.00      0.95        40
       BlowDryHair       0.78      0.47      0.59        38
    BlowingCandles       0.77      0.70      0.73        33
  BodyWeightSquats       0.69      0.73      0.71        30
           Bowling       0.83      0.93      0.88        43
 BoxingPunchingBag       0.84      0.63      0.72        49
    BoxingSpeedBag       0.64      0.97      0.77        37
      BreastStroke       0.64      0.82      0.72        28
     BrushingTeeth       0.90      0.53      0.67        36
      CleanAndJerk       0.93      0.85      0.89        33
       CliffDiving       0.86      0.97      0.92        39
    CricketBowling       0.59      0.47      0.52        36
       CricketShot       0.74      0.51      0.60        49
  CuttingInKitchen       0.73      0.82      0.77        33
            Diving       0.77      0.96      0.85        45
          Drumming       0.78      0.93      0.85        45
           Fencing       0.94      0.97      0.96        34
FieldHockeyPenalty       0.69      0.62      0.66        40
   FloorGymnastics       0.81      0.83      0.82        36
      FrisbeeCatch       0.82      0.84      0.83        37
        FrontCrawl       0.92      0.59      0.72        37
         GolfSwing       0.74      0.87      0.80        39
           Haircut       0.45      0.58      0.51        33
         Hammering       0.50      0.27      0.35        33
       HammerThrow       0.97      0.82      0.89        45
  HandstandPushups       0.67      0.79      0.72        28
  HandstandWalking       0.45      0.26      0.33        34
       HeadMassage       0.78      0.95      0.86        41
          HighJump       0.86      0.81      0.83        37
         HorseRace       1.00      0.91      0.96        35
       HorseRiding       0.89      0.98      0.93        49
          HulaHoop       0.85      1.00      0.92        34
        IceDancing       0.98      1.00      0.99        46
      JavelinThrow       0.81      0.81      0.81        31
     JugglingBalls       0.88      0.95      0.92        40
       JumpingJack       0.92      0.89      0.90        37
          JumpRope       0.93      0.74      0.82        38
          Kayaking       0.96      0.64      0.77        36
          Knitting       0.79      0.97      0.87        34
          LongJump       0.84      0.69      0.76        39
            Lunges       0.75      0.49      0.59        37
    MilitaryParade       0.63      0.73      0.68        33
            Mixing       0.87      0.73      0.80        45
      MoppingFloor       0.33      0.18      0.23        34
         Nunchucks       0.73      0.69      0.71        35
      ParallelBars       0.83      0.95      0.89        37
      PizzaTossing       0.81      0.64      0.71        33
      PlayingCello       0.83      0.66      0.73        44
        PlayingDaf       0.90      0.90      0.90        41
       PlayingDhol       0.68      0.55      0.61        49
      PlayingFlute       0.78      0.83      0.81        48
     PlayingGuitar       0.97      0.86      0.91        43
      PlayingPiano       0.84      0.93      0.88        28
      PlayingSitar       0.91      0.93      0.92        44
      PlayingTabla       0.79      0.97      0.87        31
     PlayingViolin       0.60      0.86      0.71        28
         PoleVault       0.72      0.82      0.77        40
       PommelHorse       0.94      0.94      0.94        35
           PullUps       0.62      0.71      0.67        28
             Punch       0.87      0.87      0.87        39
           PushUps       0.83      0.80      0.81        30
           Rafting       0.88      0.82      0.85        28
RockClimbingIndoor       0.80      0.88      0.84        41
      RopeClimbing       0.74      0.50      0.60        34
            Rowing       0.61      0.78      0.68        36
         SalsaSpin       0.81      0.91      0.86        43
      ShavingBeard       0.67      0.74      0.70        43
           Shotput       0.80      0.52      0.63        46
     SkateBoarding       0.87      0.81      0.84        32
            Skiing       0.77      0.75      0.76        40
            Skijet       0.96      0.96      0.96        28
         SkyDiving       0.93      0.84      0.88        31
    SoccerJuggling       0.91      1.00      0.95        39
     SoccerPenalty       0.72      0.93      0.81        41
        StillRings       0.81      0.91      0.85        32
     SumoWrestling       0.92      0.97      0.94        34
           Surfing       0.94      0.97      0.96        33
             Swing       0.69      0.60      0.64        42
   TableTennisShot       0.74      0.82      0.78        39
            TaiChi       0.88      1.00      0.93        28
       TennisSwing       0.63      0.55      0.59        49
       ThrowDiscus       0.76      0.97      0.85        38
 TrampolineJumping       0.83      0.94      0.88        32
            Typing       0.97      0.70      0.81        43
        UnevenBars       0.79      0.68      0.73        28
 VolleyballSpiking       0.80      0.91      0.85        35
    WalkingWithDog       0.84      0.58      0.69        36
       WallPushups       0.77      0.86      0.81        35
    WritingOnBoard       0.68      0.96      0.80        45
              YoYo       0.58      0.50      0.54        36

         micro avg       0.79      0.79      0.79      3783
         macro avg       0.79      0.79      0.78      3783
      weighted avg       0.79      0.79      0.78      3783

0.7874702616970658
('depth: ', 4)
adding data...
fitting model...
(9537, 96461)
adding eval data...
evaluating model...
                    precision    recall  f1-score   support

    ApplyEyeMakeup       0.89      0.89      0.89        44
     ApplyLipstick       0.82      0.97      0.89        32
           Archery       0.73      0.85      0.79        41
      BabyCrawling       0.95      1.00      0.97        35
       BalanceBeam       0.97      0.94      0.95        31
      BandMarching       0.91      0.95      0.93        43
     BaseballPitch       1.00      0.81      0.90        43
        Basketball       0.92      0.94      0.93        35
    BasketballDunk       1.00      1.00      1.00        37
        BenchPress       0.96      0.96      0.96        48
            Biking       1.00      0.97      0.99        38
         Billiards       0.91      1.00      0.95        40
       BlowDryHair       0.75      0.79      0.77        38
    BlowingCandles       1.00      0.94      0.97        33
  BodyWeightSquats       0.96      0.87      0.91        30
           Bowling       1.00      0.95      0.98        43
 BoxingPunchingBag       1.00      0.84      0.91        49
    BoxingSpeedBag       0.84      0.97      0.90        37
      BreastStroke       0.79      0.93      0.85        28
     BrushingTeeth       0.89      0.67      0.76        36
      CleanAndJerk       0.92      1.00      0.96        33
       CliffDiving       0.87      1.00      0.93        39
    CricketBowling       0.61      0.64      0.62        36
       CricketShot       0.94      0.63      0.76        49
  CuttingInKitchen       0.77      1.00      0.87        33
            Diving       0.94      1.00      0.97        45
          Drumming       0.95      0.89      0.92        45
           Fencing       0.97      1.00      0.99        34
FieldHockeyPenalty       1.00      0.65      0.79        40
   FloorGymnastics       0.87      0.94      0.91        36
      FrisbeeCatch       0.74      1.00      0.85        37
        FrontCrawl       1.00      0.76      0.86        37
         GolfSwing       0.90      0.95      0.92        39
           Haircut       0.72      0.79      0.75        33
         Hammering       0.82      0.55      0.65        33
       HammerThrow       0.98      1.00      0.99        45
  HandstandPushups       0.83      0.71      0.77        28
  HandstandWalking       0.81      0.65      0.72        34
       HeadMassage       0.93      0.98      0.95        41
          HighJump       0.94      0.86      0.90        37
         HorseRace       0.94      0.97      0.96        35
       HorseRiding       1.00      1.00      1.00        49
          HulaHoop       0.92      1.00      0.96        34
        IceDancing       0.96      1.00      0.98        46
      JavelinThrow       0.83      0.81      0.82        31
     JugglingBalls       1.00      0.95      0.97        40
       JumpingJack       0.94      0.89      0.92        37
          JumpRope       1.00      0.71      0.83        38
          Kayaking       0.92      0.92      0.92        36
          Knitting       0.97      0.91      0.94        34
          LongJump       0.80      0.72      0.76        39
            Lunges       0.89      0.89      0.89        37
    MilitaryParade       0.91      0.94      0.93        33
            Mixing       0.95      0.87      0.91        45
      MoppingFloor       0.92      1.00      0.96        34
         Nunchucks       0.81      0.86      0.83        35
      ParallelBars       0.78      0.97      0.87        37
      PizzaTossing       0.82      0.94      0.87        33
      PlayingCello       1.00      0.75      0.86        44
        PlayingDaf       0.98      1.00      0.99        41
       PlayingDhol       1.00      0.86      0.92        49
      PlayingFlute       0.78      0.96      0.86        48
     PlayingGuitar       1.00      0.95      0.98        43
      PlayingPiano       0.97      1.00      0.98        28
      PlayingSitar       1.00      1.00      1.00        44
      PlayingTabla       1.00      1.00      1.00        31
     PlayingViolin       0.81      0.93      0.87        28
         PoleVault       0.91      1.00      0.95        40
       PommelHorse       1.00      1.00      1.00        35
           PullUps       0.96      0.86      0.91        28
             Punch       0.97      0.87      0.92        39
           PushUps       0.86      1.00      0.92        30
           Rafting       0.93      0.93      0.93        28
RockClimbingIndoor       0.91      1.00      0.95        41
      RopeClimbing       0.89      1.00      0.94        34
            Rowing       0.97      0.89      0.93        36
         SalsaSpin       0.93      1.00      0.97        43
      ShavingBeard       0.84      0.84      0.84        43
           Shotput       0.71      0.76      0.74        46
     SkateBoarding       0.91      0.91      0.91        32
            Skiing       0.95      0.93      0.94        40
            Skijet       0.97      1.00      0.98        28
         SkyDiving       1.00      0.94      0.97        31
    SoccerJuggling       0.95      1.00      0.97        39
     SoccerPenalty       0.87      1.00      0.93        41
        StillRings       0.97      0.97      0.97        32
     SumoWrestling       1.00      1.00      1.00        34
           Surfing       1.00      0.97      0.98        33
             Swing       0.92      0.81      0.86        42
   TableTennisShot       0.93      0.95      0.94        39
            TaiChi       0.77      0.96      0.86        28
       TennisSwing       0.93      0.88      0.91        49
       ThrowDiscus       0.88      0.95      0.91        38
 TrampolineJumping       0.74      0.97      0.84        32
            Typing       0.97      0.84      0.90        43
        UnevenBars       1.00      0.75      0.86        28
 VolleyballSpiking       0.85      0.97      0.91        35
    WalkingWithDog       0.94      0.92      0.93        36
       WallPushups       0.90      0.77      0.83        35
    WritingOnBoard       0.98      1.00      0.99        45
              YoYo       0.89      0.94      0.92        36

         micro avg       0.91      0.91      0.91      3783
         macro avg       0.91      0.91      0.90      3783
      weighted avg       0.91      0.91      0.90      3783

0.9061591329632567
