('depth: ', 0)
adding data...
fitting model...
('txt:', (9537, 23789))
('npy:', (9537, 192))
('data:', (9537, 23981))
('Total time: ', 2040.0811529159546)
adding eval data...
evaluating model...
('txt:', (3783, 23789))
('npy:', (3783, 192))
('data:', (3783, 23981))
                    precision    recall  f1-score   support

    ApplyEyeMakeup       0.16      0.16      0.16        44
     ApplyLipstick       0.00      0.00      0.00        32
           Archery       0.11      0.07      0.09        41
      BabyCrawling       0.03      0.03      0.03        35
       BalanceBeam       0.56      0.29      0.38        31
      BandMarching       0.46      0.53      0.49        43
     BaseballPitch       0.32      0.49      0.39        43
        Basketball       0.45      0.29      0.35        35
    BasketballDunk       0.53      0.84      0.65        37
        BenchPress       0.26      0.29      0.27        48
            Biking       0.24      0.16      0.19        38
         Billiards       0.60      1.00      0.75        40
       BlowDryHair       0.07      0.08      0.08        38
    BlowingCandles       0.37      0.58      0.45        33
  BodyWeightSquats       0.17      0.07      0.10        30
           Bowling       0.43      0.53      0.48        43
 BoxingPunchingBag       0.23      0.14      0.18        49
    BoxingSpeedBag       0.10      0.22      0.13        37
      BreastStroke       0.40      0.68      0.50        28
     BrushingTeeth       0.18      0.11      0.14        36
      CleanAndJerk       0.39      0.58      0.46        33
       CliffDiving       0.66      0.79      0.72        39
    CricketBowling       0.17      0.19      0.18        36
       CricketShot       0.14      0.16      0.15        49
  CuttingInKitchen       0.25      0.30      0.27        33
            Diving       0.63      0.84      0.72        45
          Drumming       0.45      0.20      0.28        45
           Fencing       0.52      0.35      0.42        34
FieldHockeyPenalty       0.40      0.42      0.41        40
   FloorGymnastics       0.27      0.22      0.24        36
      FrisbeeCatch       0.47      0.43      0.45        37
        FrontCrawl       0.28      0.14      0.18        37
         GolfSwing       0.45      0.33      0.38        39
           Haircut       0.13      0.09      0.11        33
         Hammering       0.00      0.00      0.00        33
       HammerThrow       0.33      0.36      0.34        45
  HandstandPushups       0.20      0.14      0.17        28
  HandstandWalking       0.00      0.00      0.00        34
       HeadMassage       0.26      0.27      0.27        41
          HighJump       0.41      0.24      0.31        37
         HorseRace       0.37      0.46      0.41        35
       HorseRiding       0.65      0.41      0.50        49
          HulaHoop       0.86      0.71      0.77        34
        IceDancing       0.79      0.96      0.86        46
      JavelinThrow       0.07      0.06      0.07        31
     JugglingBalls       0.30      0.28      0.29        40
       JumpingJack       0.31      0.59      0.41        37
          JumpRope       0.12      0.18      0.14        38
          Kayaking       0.18      0.28      0.22        36
          Knitting       0.35      0.50      0.41        34
          LongJump       0.47      0.41      0.44        39
            Lunges       0.05      0.03      0.03        37
    MilitaryParade       0.26      0.42      0.32        33
            Mixing       0.26      0.20      0.23        45
      MoppingFloor       0.20      0.12      0.15        34
         Nunchucks       0.19      0.14      0.16        35
      ParallelBars       0.42      0.59      0.49        37
      PizzaTossing       0.24      0.33      0.28        33
      PlayingCello       0.12      0.14      0.13        44
        PlayingDaf       0.00      0.00      0.00        41
       PlayingDhol       0.19      0.14      0.16        49
      PlayingFlute       0.26      0.33      0.29        48
     PlayingGuitar       0.24      0.28      0.26        43
      PlayingPiano       0.38      0.71      0.49        28
      PlayingSitar       0.47      0.48      0.47        44
      PlayingTabla       0.09      0.10      0.09        31
     PlayingViolin       0.29      0.25      0.27        28
         PoleVault       0.42      0.28      0.33        40
       PommelHorse       0.28      0.14      0.19        35
           PullUps       0.30      0.11      0.16        28
             Punch       0.51      0.72      0.60        39
           PushUps       0.20      0.13      0.16        30
           Rafting       0.54      0.54      0.54        28
RockClimbingIndoor       0.26      0.29      0.27        41
      RopeClimbing       0.17      0.09      0.12        34
            Rowing       0.35      0.36      0.36        36
         SalsaSpin       0.09      0.05      0.06        43
      ShavingBeard       0.00      0.00      0.00        43
           Shotput       0.08      0.04      0.06        46
     SkateBoarding       0.27      0.22      0.24        32
            Skiing       0.35      0.30      0.32        40
            Skijet       0.47      0.61      0.53        28
         SkyDiving       0.45      0.42      0.43        31
    SoccerJuggling       0.36      0.13      0.19        39
     SoccerPenalty       0.63      0.80      0.71        41
        StillRings       0.72      0.41      0.52        32
     SumoWrestling       0.42      0.59      0.49        34
           Surfing       0.55      0.67      0.60        33
             Swing       0.39      0.29      0.33        42
   TableTennisShot       0.32      0.23      0.27        39
            TaiChi       0.07      0.11      0.08        28
       TennisSwing       0.09      0.12      0.10        49
       ThrowDiscus       0.20      0.21      0.21        38
 TrampolineJumping       0.45      0.62      0.53        32
            Typing       0.12      0.09      0.10        43
        UnevenBars       0.44      0.54      0.48        28
 VolleyballSpiking       0.52      0.46      0.48        35
    WalkingWithDog       0.25      0.36      0.30        36
       WallPushups       0.13      0.14      0.14        35
    WritingOnBoard       0.22      0.29      0.25        45
              YoYo       0.07      0.08      0.07        36

         micro avg       0.32      0.32      0.32      3783
         macro avg       0.31      0.32      0.30      3783
      weighted avg       0.30      0.32      0.30      3783

0.317208564631245
('depth: ', 1)
adding data...
fitting model...
('txt:', (9537, 93948))
('npy:', (9537, 384))
('data:', (9537, 94332))
('Total time: ', 8264.69200706482)
adding eval data...
evaluating model...
('txt:', (3783, 93948))
('npy:', (3783, 384))
('data:', (3783, 94332))
                    precision    recall  f1-score   support

    ApplyEyeMakeup       0.42      0.50      0.46        44
     ApplyLipstick       0.08      0.09      0.09        32
           Archery       0.14      0.10      0.11        41
      BabyCrawling       0.37      0.37      0.37        35
       BalanceBeam       0.56      0.45      0.50        31
      BandMarching       0.43      0.67      0.52        43
     BaseballPitch       0.57      0.63      0.60        43
        Basketball       0.60      0.43      0.50        35
    BasketballDunk       0.80      0.89      0.85        37
        BenchPress       0.54      0.62      0.58        48
            Biking       0.48      0.39      0.43        38
         Billiards       0.87      1.00      0.93        40
       BlowDryHair       0.25      0.37      0.30        38
    BlowingCandles       0.54      0.64      0.58        33
  BodyWeightSquats       0.23      0.17      0.19        30
           Bowling       0.79      0.77      0.78        43
 BoxingPunchingBag       0.29      0.31      0.30        49
    BoxingSpeedBag       0.39      0.30      0.34        37
      BreastStroke       0.68      0.96      0.79        28
     BrushingTeeth       0.15      0.17      0.16        36
      CleanAndJerk       0.71      0.82      0.76        33
       CliffDiving       0.84      0.69      0.76        39
    CricketBowling       0.23      0.28      0.25        36
       CricketShot       0.39      0.31      0.34        49
  CuttingInKitchen       0.42      0.45      0.43        33
            Diving       0.74      0.93      0.82        45
          Drumming       0.47      0.31      0.37        45
           Fencing       0.72      0.85      0.78        34
FieldHockeyPenalty       0.46      0.42      0.44        40
   FloorGymnastics       0.42      0.61      0.49        36
      FrisbeeCatch       0.64      0.73      0.68        37
        FrontCrawl       0.77      0.73      0.75        37
         GolfSwing       0.65      0.51      0.57        39
           Haircut       0.07      0.03      0.04        33
         Hammering       0.00      0.00      0.00        33
       HammerThrow       0.66      0.56      0.60        45
  HandstandPushups       0.21      0.14      0.17        28
  HandstandWalking       0.20      0.12      0.15        34
       HeadMassage       0.39      0.27      0.32        41
          HighJump       0.64      0.38      0.47        37
         HorseRace       0.74      0.66      0.70        35
       HorseRiding       0.66      0.78      0.71        49
          HulaHoop       0.72      0.76      0.74        34
        IceDancing       0.75      0.98      0.85        46
      JavelinThrow       0.52      0.52      0.52        31
     JugglingBalls       0.34      0.42      0.38        40
       JumpingJack       0.60      0.76      0.67        37
          JumpRope       0.35      0.37      0.36        38
          Kayaking       0.56      0.56      0.56        36
          Knitting       0.52      0.71      0.60        34
          LongJump       0.67      0.46      0.55        39
            Lunges       0.31      0.38      0.34        37
    MilitaryParade       0.59      0.82      0.68        33
            Mixing       0.57      0.18      0.27        45
      MoppingFloor       0.33      0.24      0.28        34
         Nunchucks       0.17      0.11      0.14        35
      ParallelBars       0.65      0.76      0.70        37
      PizzaTossing       0.23      0.21      0.22        33
      PlayingCello       0.37      0.73      0.49        44
        PlayingDaf       0.36      0.29      0.32        41
       PlayingDhol       0.62      0.33      0.43        49
      PlayingFlute       0.69      0.65      0.67        48
     PlayingGuitar       0.44      0.42      0.43        43
      PlayingPiano       0.44      0.82      0.57        28
      PlayingSitar       0.81      0.59      0.68        44
      PlayingTabla       0.64      0.58      0.61        31
     PlayingViolin       0.47      0.32      0.38        28
         PoleVault       0.72      0.53      0.61        40
       PommelHorse       0.69      0.97      0.81        35
           PullUps       0.18      0.07      0.10        28
             Punch       0.67      0.79      0.73        39
           PushUps       0.20      0.13      0.16        30
           Rafting       0.74      0.82      0.78        28
RockClimbingIndoor       0.51      0.78      0.62        41
      RopeClimbing       0.31      0.24      0.27        34
            Rowing       0.58      0.69      0.63        36
         SalsaSpin       0.38      0.33      0.35        43
      ShavingBeard       0.13      0.09      0.11        43
           Shotput       0.38      0.35      0.36        46
     SkateBoarding       0.54      0.47      0.50        32
            Skiing       0.60      0.38      0.46        40
            Skijet       0.50      0.57      0.53        28
         SkyDiving       0.52      0.87      0.65        31
    SoccerJuggling       0.17      0.08      0.11        39
     SoccerPenalty       0.79      0.83      0.81        41
        StillRings       0.64      0.72      0.68        32
     SumoWrestling       0.65      0.76      0.70        34
           Surfing       0.81      0.76      0.78        33
             Swing       0.46      0.31      0.37        42
   TableTennisShot       0.42      0.46      0.44        39
            TaiChi       0.31      0.54      0.39        28
       TennisSwing       0.24      0.20      0.22        49
       ThrowDiscus       0.38      0.47      0.42        38
 TrampolineJumping       0.57      0.78      0.66        32
            Typing       0.40      0.37      0.39        43
        UnevenBars       0.59      0.61      0.60        28
 VolleyballSpiking       0.43      0.63      0.51        35
    WalkingWithDog       0.36      0.25      0.30        36
       WallPushups       0.30      0.51      0.38        35
    WritingOnBoard       0.66      0.51      0.57        45
              YoYo       0.12      0.08      0.10        36

         micro avg       0.50      0.50      0.50      3783
         macro avg       0.48      0.50      0.48      3783
      weighted avg       0.49      0.50      0.48      3783

0.4977531060005287
('depth: ', 2)
adding data...
fitting model...
('txt:', (9537, 94348))
('npy:', (9537, 384))
('data:', (9537, 94732))
('Total time: ', 10281.979182958603)
adding eval data...
evaluating model...
('txt:', (3783, 94348))
('npy:', (3783, 384))
('data:', (3783, 94732))
                    precision    recall  f1-score   support

    ApplyEyeMakeup       0.51      0.50      0.51        44
     ApplyLipstick       0.39      0.53      0.45        32
           Archery       0.16      0.20      0.18        41
      BabyCrawling       0.45      0.43      0.44        35
       BalanceBeam       0.70      0.52      0.59        31
      BandMarching       0.43      0.60      0.50        43
     BaseballPitch       0.51      0.70      0.59        43
        Basketball       0.53      0.60      0.56        35
    BasketballDunk       0.85      0.95      0.90        37
        BenchPress       0.57      0.62      0.59        48
            Biking       0.65      0.63      0.64        38
         Billiards       0.86      0.95      0.90        40
       BlowDryHair       0.23      0.26      0.24        38
    BlowingCandles       0.35      0.42      0.38        33
  BodyWeightSquats       0.50      0.20      0.29        30
           Bowling       0.75      0.93      0.83        43
 BoxingPunchingBag       0.38      0.35      0.36        49
    BoxingSpeedBag       0.52      0.41      0.45        37
      BreastStroke       0.67      1.00      0.80        28
     BrushingTeeth       0.38      0.22      0.28        36
      CleanAndJerk       0.56      0.85      0.67        33
       CliffDiving       0.70      0.72      0.71        39
    CricketBowling       0.21      0.31      0.25        36
       CricketShot       0.37      0.29      0.32        49
  CuttingInKitchen       0.38      0.67      0.48        33
            Diving       0.76      0.93      0.84        45
          Drumming       0.74      0.56      0.63        45
           Fencing       0.71      0.71      0.71        34
FieldHockeyPenalty       0.65      0.42      0.52        40
   FloorGymnastics       0.46      0.44      0.45        36
      FrisbeeCatch       0.73      0.65      0.69        37
        FrontCrawl       0.79      0.81      0.80        37
         GolfSwing       0.63      0.49      0.55        39
           Haircut       0.32      0.24      0.28        33
         Hammering       0.05      0.06      0.05        33
       HammerThrow       0.55      0.76      0.64        45
  HandstandPushups       0.09      0.07      0.08        28
  HandstandWalking       0.04      0.03      0.04        34
       HeadMassage       0.42      0.51      0.46        41
          HighJump       0.33      0.14      0.19        37
         HorseRace       0.64      0.66      0.65        35
       HorseRiding       0.62      0.88      0.73        49
          HulaHoop       0.59      0.76      0.67        34
        IceDancing       0.87      0.98      0.92        46
      JavelinThrow       0.38      0.32      0.35        31
     JugglingBalls       0.74      0.65      0.69        40
       JumpingJack       0.63      0.70      0.67        37
          JumpRope       0.48      0.32      0.38        38
          Kayaking       0.64      0.44      0.52        36
          Knitting       0.50      0.68      0.58        34
          LongJump       0.63      0.44      0.52        39
            Lunges       0.52      0.35      0.42        37
    MilitaryParade       0.50      0.67      0.57        33
            Mixing       0.50      0.42      0.46        45
      MoppingFloor       0.35      0.32      0.34        34
         Nunchucks       0.15      0.11      0.13        35
      ParallelBars       0.54      0.57      0.55        37
      PizzaTossing       0.07      0.09      0.08        33
      PlayingCello       0.36      0.18      0.24        44
        PlayingDaf       0.43      0.54      0.48        41
       PlayingDhol       0.39      0.29      0.33        49
      PlayingFlute       0.27      0.33      0.30        48
     PlayingGuitar       0.63      0.63      0.63        43
      PlayingPiano       0.56      0.68      0.61        28
      PlayingSitar       0.67      0.66      0.67        44
      PlayingTabla       0.55      0.87      0.67        31
     PlayingViolin       0.50      0.43      0.46        28
         PoleVault       0.56      0.45      0.50        40
       PommelHorse       0.74      0.71      0.72        35
           PullUps       0.26      0.21      0.24        28
             Punch       0.72      0.74      0.73        39
           PushUps       0.47      0.47      0.47        30
           Rafting       0.62      0.75      0.68        28
RockClimbingIndoor       0.62      0.90      0.73        41
      RopeClimbing       0.50      0.18      0.26        34
            Rowing       0.47      0.53      0.50        36
         SalsaSpin       0.62      0.70      0.66        43
      ShavingBeard       0.30      0.16      0.21        43
           Shotput       0.44      0.26      0.33        46
     SkateBoarding       0.50      0.28      0.36        32
            Skiing       0.71      0.55      0.62        40
            Skijet       0.62      0.57      0.59        28
         SkyDiving       0.71      0.87      0.78        31
    SoccerJuggling       0.49      0.46      0.47        39
     SoccerPenalty       0.81      0.83      0.82        41
        StillRings       0.61      0.53      0.57        32
     SumoWrestling       0.61      0.91      0.73        34
           Surfing       0.82      0.85      0.84        33
             Swing       0.62      0.48      0.54        42
   TableTennisShot       0.57      0.62      0.59        39
            TaiChi       0.37      0.50      0.42        28
       TennisSwing       0.51      0.51      0.51        49
       ThrowDiscus       0.51      0.76      0.61        38
 TrampolineJumping       0.52      0.47      0.49        32
            Typing       0.59      0.37      0.46        43
        UnevenBars       0.62      0.64      0.63        28
 VolleyballSpiking       0.64      0.66      0.65        35
    WalkingWithDog       0.23      0.19      0.21        36
       WallPushups       0.26      0.20      0.23        35
    WritingOnBoard       0.58      0.78      0.67        45
              YoYo       0.25      0.08      0.12        36

         micro avg       0.53      0.53      0.53      3783
         macro avg       0.52      0.52      0.51      3783
      weighted avg       0.52      0.53      0.51      3783

0.5257731958762887
('depth: ', 3)
adding data...
fitting model...
('txt:', (9537, 95948))
('npy:', (9537, 384))
('data:', (9537, 96332))
('Total time: ', 7642.44699716568)
adding eval data...
evaluating model...
('txt:', (3783, 95948))
('npy:', (3783, 384))
('data:', (3783, 96332))
                    precision    recall  f1-score   support

    ApplyEyeMakeup       0.93      0.95      0.94        44
     ApplyLipstick       0.78      0.91      0.84        32
           Archery       0.56      0.54      0.55        41
      BabyCrawling       0.85      1.00      0.92        35
       BalanceBeam       0.91      1.00      0.95        31
      BandMarching       0.81      0.88      0.84        43
     BaseballPitch       0.97      0.79      0.87        43
        Basketball       0.85      0.83      0.84        35
    BasketballDunk       0.88      1.00      0.94        37
        BenchPress       0.95      0.88      0.91        48
            Biking       0.93      1.00      0.96        38
         Billiards       1.00      1.00      1.00        40
       BlowDryHair       0.66      0.50      0.57        38
    BlowingCandles       0.75      0.91      0.82        33
  BodyWeightSquats       1.00      0.83      0.91        30
           Bowling       0.91      0.93      0.92        43
 BoxingPunchingBag       0.93      0.78      0.84        49
    BoxingSpeedBag       0.82      0.97      0.89        37
      BreastStroke       0.72      1.00      0.84        28
     BrushingTeeth       0.68      0.47      0.56        36
      CleanAndJerk       0.94      1.00      0.97        33
       CliffDiving       0.90      0.97      0.94        39
    CricketBowling       0.48      0.61      0.54        36
       CricketShot       0.69      0.41      0.51        49
  CuttingInKitchen       0.69      1.00      0.81        33
            Diving       0.85      1.00      0.92        45
          Drumming       0.95      0.87      0.91        45
           Fencing       1.00      0.97      0.99        34
FieldHockeyPenalty       0.90      0.88      0.89        40
   FloorGymnastics       0.97      0.83      0.90        36
      FrisbeeCatch       0.90      0.97      0.94        37
        FrontCrawl       0.96      0.59      0.73        37
         GolfSwing       0.75      0.97      0.84        39
           Haircut       0.55      0.55      0.55        33
         Hammering       0.57      0.36      0.44        33
       HammerThrow       0.95      0.91      0.93        45
  HandstandPushups       0.67      0.64      0.65        28
  HandstandWalking       0.53      0.56      0.54        34
       HeadMassage       0.91      0.95      0.93        41
          HighJump       0.90      0.76      0.82        37
         HorseRace       1.00      0.97      0.99        35
       HorseRiding       0.96      1.00      0.98        49
          HulaHoop       0.87      1.00      0.93        34
        IceDancing       0.88      1.00      0.94        46
      JavelinThrow       0.93      0.90      0.92        31
     JugglingBalls       0.89      0.97      0.93        40
       JumpingJack       0.90      1.00      0.95        37
          JumpRope       0.85      0.76      0.81        38
          Kayaking       0.95      0.97      0.96        36
          Knitting       0.89      1.00      0.94        34
          LongJump       0.78      0.64      0.70        39
            Lunges       0.69      0.59      0.64        37
    MilitaryParade       0.90      0.82      0.86        33
            Mixing       0.94      0.69      0.79        45
      MoppingFloor       0.53      0.53      0.53        34
         Nunchucks       0.80      0.69      0.74        35
      ParallelBars       0.97      0.97      0.97        37
      PizzaTossing       0.74      0.88      0.81        33
      PlayingCello       0.74      0.66      0.70        44
        PlayingDaf       0.87      0.95      0.91        41
       PlayingDhol       0.84      0.86      0.85        49
      PlayingFlute       0.75      0.96      0.84        48
     PlayingGuitar       1.00      0.84      0.91        43
      PlayingPiano       0.90      0.93      0.91        28
      PlayingSitar       1.00      0.98      0.99        44
      PlayingTabla       0.87      0.87      0.87        31
     PlayingViolin       0.65      0.86      0.74        28
         PoleVault       0.71      0.90      0.79        40
       PommelHorse       0.92      1.00      0.96        35
           PullUps       0.82      0.82      0.82        28
             Punch       0.95      0.90      0.92        39
           PushUps       0.92      0.73      0.81        30
           Rafting       1.00      0.86      0.92        28
RockClimbingIndoor       0.84      0.90      0.87        41
      RopeClimbing       0.78      0.82      0.80        34
            Rowing       0.89      0.89      0.89        36
         SalsaSpin       0.91      1.00      0.96        43
      ShavingBeard       0.77      0.70      0.73        43
           Shotput       0.84      0.67      0.75        46
     SkateBoarding       0.75      0.94      0.83        32
            Skiing       0.94      0.80      0.86        40
            Skijet       0.96      0.96      0.96        28
         SkyDiving       0.93      0.90      0.92        31
    SoccerJuggling       1.00      1.00      1.00        39
     SoccerPenalty       0.93      0.98      0.95        41
        StillRings       0.97      0.94      0.95        32
     SumoWrestling       1.00      1.00      1.00        34
           Surfing       1.00      0.97      0.98        33
             Swing       0.94      0.81      0.87        42
   TableTennisShot       0.79      0.79      0.79        39
            TaiChi       1.00      0.96      0.98        28
       TennisSwing       0.75      0.86      0.80        49
       ThrowDiscus       0.80      0.92      0.85        38
 TrampolineJumping       0.88      0.94      0.91        32
            Typing       0.97      0.81      0.89        43
        UnevenBars       0.92      0.86      0.89        28
 VolleyballSpiking       0.85      0.94      0.89        35
    WalkingWithDog       0.86      0.83      0.85        36
       WallPushups       0.84      0.89      0.86        35
    WritingOnBoard       0.89      0.93      0.91        45
              YoYo       0.81      0.58      0.68        36

         micro avg       0.85      0.85      0.85      3783
         macro avg       0.85      0.85      0.85      3783
      weighted avg       0.85      0.85      0.85      3783

0.8514406555643669
('depth: ', 4)
adding data...
fitting model...
('txt:', (9537, 96789))
('npy:', (9537, 384))
('data:', (9537, 97173))
('Total time: ', 4145.541506052017)
adding eval data...
evaluating model...
('txt:', (3783, 96789))
('npy:', (3783, 384))
('data:', (3783, 97173))
                    precision    recall  f1-score   support

    ApplyEyeMakeup       0.93      0.98      0.96        44
     ApplyLipstick       0.91      1.00      0.96        32
           Archery       0.95      0.85      0.90        41
      BabyCrawling       0.95      1.00      0.97        35
       BalanceBeam       0.89      1.00      0.94        31
      BandMarching       0.89      0.98      0.93        43
     BaseballPitch       0.93      0.86      0.89        43
        Basketball       0.94      0.86      0.90        35
    BasketballDunk       1.00      1.00      1.00        37
        BenchPress       1.00      1.00      1.00        48
            Biking       1.00      1.00      1.00        38
         Billiards       1.00      1.00      1.00        40
       BlowDryHair       0.82      0.84      0.83        38
    BlowingCandles       0.94      1.00      0.97        33
  BodyWeightSquats       0.97      0.97      0.97        30
           Bowling       1.00      0.98      0.99        43
 BoxingPunchingBag       0.97      0.71      0.82        49
    BoxingSpeedBag       0.71      1.00      0.83        37
      BreastStroke       0.76      0.93      0.84        28
     BrushingTeeth       0.88      0.64      0.74        36
      CleanAndJerk       1.00      1.00      1.00        33
       CliffDiving       1.00      1.00      1.00        39
    CricketBowling       0.79      0.72      0.75        36
       CricketShot       0.97      0.73      0.84        49
  CuttingInKitchen       0.87      1.00      0.93        33
            Diving       0.92      1.00      0.96        45
          Drumming       0.98      1.00      0.99        45
           Fencing       0.97      1.00      0.99        34
FieldHockeyPenalty       0.94      0.82      0.88        40
   FloorGymnastics       0.92      0.92      0.92        36
      FrisbeeCatch       0.93      1.00      0.96        37
        FrontCrawl       1.00      0.70      0.83        37
         GolfSwing       0.97      0.97      0.97        39
           Haircut       0.78      0.76      0.77        33
         Hammering       0.88      0.64      0.74        33
       HammerThrow       0.96      0.98      0.97        45
  HandstandPushups       0.85      0.82      0.84        28
  HandstandWalking       0.76      0.56      0.64        34
       HeadMassage       0.95      1.00      0.98        41
          HighJump       0.94      0.86      0.90        37
         HorseRace       1.00      1.00      1.00        35
       HorseRiding       1.00      1.00      1.00        49
          HulaHoop       1.00      1.00      1.00        34
        IceDancing       0.96      1.00      0.98        46
      JavelinThrow       0.90      0.90      0.90        31
     JugglingBalls       1.00      1.00      1.00        40
       JumpingJack       0.97      1.00      0.99        37
          JumpRope       1.00      0.92      0.96        38
          Kayaking       0.90      0.97      0.93        36
          Knitting       1.00      1.00      1.00        34
          LongJump       0.97      0.87      0.92        39
            Lunges       0.87      0.89      0.88        37
    MilitaryParade       0.97      0.97      0.97        33
            Mixing       1.00      0.98      0.99        45
      MoppingFloor       1.00      0.91      0.95        34
         Nunchucks       0.92      0.97      0.94        35
      ParallelBars       0.95      0.97      0.96        37
      PizzaTossing       0.89      0.94      0.91        33
      PlayingCello       1.00      0.91      0.95        44
        PlayingDaf       1.00      1.00      1.00        41
       PlayingDhol       1.00      0.86      0.92        49
      PlayingFlute       0.89      0.98      0.93        48
     PlayingGuitar       1.00      0.98      0.99        43
      PlayingPiano       0.97      1.00      0.98        28
      PlayingSitar       0.98      1.00      0.99        44
      PlayingTabla       1.00      0.97      0.98        31
     PlayingViolin       1.00      0.96      0.98        28
         PoleVault       0.98      1.00      0.99        40
       PommelHorse       1.00      1.00      1.00        35
           PullUps       0.96      0.89      0.93        28
             Punch       0.90      0.90      0.90        39
           PushUps       0.88      1.00      0.94        30
           Rafting       1.00      0.86      0.92        28
RockClimbingIndoor       0.91      1.00      0.95        41
      RopeClimbing       1.00      1.00      1.00        34
            Rowing       0.97      0.94      0.96        36
         SalsaSpin       0.96      1.00      0.98        43
      ShavingBeard       0.83      0.88      0.85        43
           Shotput       0.82      0.91      0.87        46
     SkateBoarding       0.86      1.00      0.93        32
            Skiing       0.97      0.97      0.97        40
            Skijet       0.93      1.00      0.97        28
         SkyDiving       1.00      0.97      0.98        31
    SoccerJuggling       0.97      1.00      0.99        39
     SoccerPenalty       0.93      1.00      0.96        41
        StillRings       1.00      1.00      1.00        32
     SumoWrestling       1.00      1.00      1.00        34
           Surfing       1.00      1.00      1.00        33
             Swing       1.00      0.86      0.92        42
   TableTennisShot       0.87      1.00      0.93        39
            TaiChi       0.84      0.96      0.90        28
       TennisSwing       0.91      1.00      0.95        49
       ThrowDiscus       0.97      1.00      0.99        38
 TrampolineJumping       0.97      1.00      0.98        32
            Typing       0.97      0.91      0.94        43
        UnevenBars       0.96      0.89      0.93        28
 VolleyballSpiking       0.92      1.00      0.96        35
    WalkingWithDog       0.89      0.94      0.92        36
       WallPushups       0.88      0.86      0.87        35
    WritingOnBoard       0.94      1.00      0.97        45
              YoYo       0.90      0.97      0.93        36

         micro avg       0.94      0.94      0.94      3783
         macro avg       0.94      0.94      0.94      3783
      weighted avg       0.94      0.94      0.94      3783

0.9384086703674333
